<?xml version="1.0" encoding="UTF-8"?>
<testsuites name="Mocha Tests" time="2.941" tests="2" failures="0">
  <testsuite name="Root Suite" timestamp="2025-09-08T07:58:56" tests="0" file="cypress/e2e/password_reset.feature" time="0.000" failures="0">
  </testsuite>
  <testsuite name="Simple tests for the password reset function of the CAS" timestamp="2025-09-08T07:58:56" tests="2" time="2.936" failures="0">
    <testcase name="Simple tests for the password reset function of the CAS a user has an email sent to him via CAS to reset his password" time="0.847" classname="a user has an email sent to him via CAS to reset his password">
    </testcase>
    <testcase name="Simple tests for the password reset function of the CAS an unknown user tries to reset his password" time="0.564" classname="an unknown user tries to reset his password">
    </testcase>
  </testsuite>
</testsuites>