<?xml version="1.0" encoding="UTF-8"?>
<testsuites name="Mocha Tests" time="6.130" tests="6" failures="5">
  <testsuite name="Root Suite" timestamp="2025-09-08T07:58:41" tests="0" file="cypress/e2e/oauth.feature" time="0.000" failures="0">
  </testsuite>
  <testsuite name="OAuth integration tests" timestamp="2025-09-08T07:58:41" tests="6" time="6.125" failures="5">
    <testcase name="OAuth integration tests registered service receives a service ticket when accessing the OAuth authorization endpoint" time="0.000" classname="registered service receives a service ticket when accessing the OAuth authorization endpoint">
      <failure message="Cannot read properties of null (reading &apos;toString&apos;)" type="TypeError"><![CDATA[TypeError: Cannot read properties of null (reading 'toString')
    at Context.eval (https://192.168.56.2/__cypress/tests?p=cypress/e2e/oauth.feature:16602:32)
    at Registry.runStepDefininition (https://192.168.56.2/__cypress/tests?p=cypress/e2e/oauth.feature:8496:48)
    at Object.fn (https://192.168.56.2/__cypress/tests?p=cypress/e2e/oauth.feature:15695:43)
    at runStepWithLogGroup (https://192.168.56.2/__cypress/tests?p=cypress/e2e/oauth.feature:15168:29)
    at Context.eval (https://192.168.56.2/__cypress/tests?p=cypress/e2e/oauth.feature:15691:62)]]></failure>
    </testcase>
    <testcase name="OAuth integration tests unregistered service receives an error when accessing the OAuth authorization endpoint" time="0.117" classname="unregistered service receives an error when accessing the OAuth authorization endpoint">
    </testcase>
    <testcase name="OAuth integration tests registered service exchanges service ticket for ticket granting ticket" time="0.000" classname="registered service exchanges service ticket for ticket granting ticket">
      <failure message="Cannot read properties of null (reading &apos;toString&apos;)" type="TypeError"><![CDATA[TypeError: Cannot read properties of null (reading 'toString')
    at Context.getOAuth20AccessToken (https://192.168.56.2/__cypress/tests?p=cypress/support/e2e.js:15368:27)]]></failure>
    </testcase>
    <testcase name="OAuth integration tests registered service requests accessToken without service ticket" time="0.000" classname="registered service requests accessToken without service ticket">
      <failure message="Cannot read properties of null (reading &apos;toString&apos;)" type="TypeError"><![CDATA[TypeError: Cannot read properties of null (reading 'toString')
    at Context.getOAuth20AccessToken (https://192.168.56.2/__cypress/tests?p=cypress/support/e2e.js:15368:27)]]></failure>
    </testcase>
    <testcase name="OAuth integration tests unregistered service requests accessToken with valid service ticket" time="0.000" classname="unregistered service requests accessToken with valid service ticket">
      <failure message="Cannot read properties of null (reading &apos;toString&apos;)" type="TypeError"><![CDATA[TypeError: Cannot read properties of null (reading 'toString')
    at Context.getOAuth20AccessToken (https://192.168.56.2/__cypress/tests?p=cypress/support/e2e.js:15368:27)]]></failure>
    </testcase>
    <testcase name="OAuth integration tests registered service exchanges service ticket for ticket granting ticket" time="0.000" classname="registered service exchanges service ticket for ticket granting ticket">
      <failure message="Cannot read properties of null (reading &apos;toString&apos;)" type="TypeError"><![CDATA[TypeError: Cannot read properties of null (reading 'toString')
    at Context.getOAuth20AccessToken (https://192.168.56.2/__cypress/tests?p=cypress/support/e2e.js:15368:27)]]></failure>
    </testcase>
  </testsuite>
</testsuites>