<?xml version="1.0" encoding="UTF-8"?>
<testsuites name="Mocha Tests" time="2.898" tests="2" failures="0">
  <testsuite name="Root Suite" timestamp="2025-09-08T07:47:49" tests="0" file="cypress/e2e/password_reset.feature" time="0.000" failures="0">
  </testsuite>
  <testsuite name="Simple tests for the password reset function of the CAS" timestamp="2025-09-08T07:47:49" tests="2" time="2.894" failures="0">
    <testcase name="Simple tests for the password reset function of the CAS a user has an email sent to him via CAS to reset his password" time="0.836" classname="a user has an email sent to him via CAS to reset his password">
    </testcase>
    <testcase name="Simple tests for the password reset function of the CAS an unknown user tries to reset his password" time="0.565" classname="an unknown user tries to reset his password">
    </testcase>
  </testsuite>
</testsuites>